2020-04-30 11:29:00 查询123用户，没有结果
2020-04-30 11:36:15 查询123用户，没有结果
2020-04-30 11:44:18 查询123用户，没有结果
2020-04-30 11:47:18 查询1用户，没有结果
2020-04-30 11:55:55 查询123用户，没有结果
2020-04-30 11:57:48 查询123用户，没有结果
2020-04-30 11:59:23 查询到此用户：123
2020-04-30 12:02:37 查询到此用户：123
2020-04-30 12:06:47 查询到此用户：123
2020-04-30 12:07:50 查询到此用户：123
2020-04-30 12:15:10 查询到此用户：123
2020-04-30 12:27:31 查询到此用户：123
2020-04-30 12:28:32 查询到此用户：123
2020-04-30 12:29:19 查询到此用户：123
2020-04-30 12:29:58 查询到此用户：123
2020-04-30 12:30:12 123还款500元成功
2020-04-30 12:30:20 查询1用户，没有结果
2020-04-30 12:30:27 查询到此用户：123
2020-04-30 12:45:44 查询到此用户：123
2020-04-30 12:45:56 123用户已经被冻结,不支持提现
2020-04-30 12:49:22 查询到此用户：123
2020-04-30 12:49:32 123提现200元成功
2020-04-30 12:49:51 查询到此用户：123
2020-04-30 12:50:04 123提现10000元失败，可用额度不够
2020-04-30 12:55:46 aaa用户已经被冻结,不支持转出
2020-04-30 12:56:20 aaa用户转账给123用户10000元成功
2020-04-30 12:56:31 查询到此用户：123
2020-04-30 12:56:46 查询到此用户：aaa
2020-04-30 13:38:53 打印用户123的账单2020-01-01 00:00:00到2020-12-12 00:00:00
2020-04-30 16:12:47 查询到此用户：123
2020-04-30 16:13:30 查询到此用户：123
2020-04-30 16:59:02 查询到此用户：123
2020-04-30 17:01:17 添加用户leilei
2020-04-30 17:01:23 查询到此用户：leilei
2020-04-30 17:14:00 查询到此用户：123
2020-04-30 17:14:14 添加用户失败，用户已经存在
2020-04-30 17:14:26 注销用户leilei成功
2020-04-30 17:14:32 查询leilei用户，没有结果
2020-04-30 17:19:00 查询到此用户：123
2020-04-30 17:19:15 冻结123用户成功
2020-04-30 19:03:28 查询到此用户：123
2020-04-30 19:03:34 查询到此用户：123
2020-04-30 19:03:47 123还款2000元成功
2020-04-30 19:03:53 查询到此用户：123
2020-04-30 19:04:13 查询到此用户：123
2020-04-30 22:31:29 查询到此用户：123
2020-04-30 22:31:44 123用户已经被冻结,不支持提现
2020-04-30 22:31:51 123用户已经被冻结,不支持转出
2020-04-30 22:33:35 查询到此用户：123
2020-04-30 22:33:59 添加用户songruijie
2020-04-30 22:34:10 查询到此用户：songruijie
2020-04-30 22:34:23 你输入的用户suruijie不存在
2020-04-30 22:34:40 注销用户songruijie成功
2020-04-30 22:34:48 查询songruijie用户，没有结果
2020-04-30 22:34:59 解冻123用户成功
2020-04-30 22:35:34 打印用户admin的账单2020-01-01 00:00:00到2020-06-06 00:00:00
